TN:
SF:resources/ts/components/App.vue
FNF:0
FNH:0
LF:0
LH:0
BRF:0
BRH:0
end_of_record
TN:
SF:resources/ts/components/Solicitudes/FormCreate.vue
FN:20,(anonymous_0)
FN:31,(anonymous_1)
FN:57,(anonymous_2)
FN:74,(anonymous_3)
FN:126,(anonymous_4)
FN:138,(anonymous_5)
FNF:6
FNH:2
FNDA:0,(anonymous_0)
FNDA:2,(anonymous_1)
FNDA:2,(anonymous_2)
FNDA:0,(anonymous_3)
FNDA:0,(anonymous_4)
FNDA:0,(anonymous_5)
DA:12,1
DA:20,0
DA:33,2
DA:36,1
DA:38,1
DA:59,2
DA:63,1
DA:65,1
DA:72,1
DA:75,0
DA:119,1
DA:126,0
DA:138,0
LF:13
LH:9
BRDA:20,0,0,1
BRDA:20,0,1,1
BRDA:33,1,0,2
BRDA:33,1,1,1
BRDA:59,2,0,2
BRDA:59,2,1,1
BRDA:61,3,0,2
BRDA:61,3,1,1
BRDA:113,4,0,2
BRDA:113,4,1,1
BRDA:74,5,0,2
BRDA:74,5,1,1
BRDA:98,6,0,0
BRDA:98,6,1,2
BRDA:126,7,0,2
BRDA:126,7,1,1
BRDA:129,8,0,0
BRDA:129,8,1,2
BRDA:138,9,0,2
BRDA:138,9,1,1
BRF:20
BRH:18
end_of_record
TN:
SF:resources/ts/components/Solicitudes/ResourceHeader.vue
FN:23,(anonymous_0)
FN:22,(anonymous_1)
FN:28,(anonymous_2)
FNF:3
FNH:1
FNDA:0,(anonymous_0)
FNDA:0,(anonymous_1)
FNDA:1,(anonymous_2)
DA:4,1
DA:8,1
DA:16,1
DA:18,0
DA:22,0
DA:28,1
LF:6
LH:4
BRDA:23,0,0,1
BRDA:23,0,1,1
BRDA:22,1,0,1
BRDA:22,1,1,1
BRDA:28,2,0,1
BRDA:28,2,1,1
BRF:6
BRH:6
end_of_record
TN:
SF:resources/ts/components/Solicitudes/TableComponent.vue
FN:8,(anonymous_0)
FN:91,(anonymous_1)
FN:99,(anonymous_2)
FNF:3
FNH:1
FNDA:10,(anonymous_0)
FNDA:0,(anonymous_1)
FNDA:0,(anonymous_2)
DA:6,1
DA:8,1
DA:9,10
DA:15,1
DA:46,1
DA:49,1
DA:50,1
DA:51,1
DA:53,1
DA:61,1
DA:63,1
DA:68,1
DA:77,1
DA:82,1
DA:91,0
DA:99,0
LF:16
LH:14
BRDA:37,0,0,2
BRDA:37,0,1,1
BRDA:85,1,0,2
BRDA:85,1,1,8
BRF:4
BRH:4
end_of_record
TN:
SF:resources/ts/components/Solicitudes/TableOrder.vue
FN:16,(anonymous_0)
FNF:1
FNH:0
FNDA:0,(anonymous_0)
DA:5,4
DA:7,4
DA:16,0
LF:3
LH:2
BRDA:16,0,0,4
BRDA:16,0,1,4
BRDA:21,1,0,0
BRDA:21,1,1,1
BRF:4
BRH:3
end_of_record
TN:
SF:resources/ts/components/Solicitudes/TablePaginator.vue
FN:38,(anonymous_0)
FN:46,(anonymous_1)
FNF:2
FNH:0
FNDA:0,(anonymous_0)
FNDA:0,(anonymous_1)
DA:4,1
DA:12,1
DA:13,1
DA:16,1
DA:22,1
DA:26,1
DA:33,1
DA:38,0
DA:46,0
LF:9
LH:7
BRDA:31,0,0,2
BRDA:31,0,1,1
BRDA:17,1,0,2
BRDA:17,1,1,1
BRDA:22,2,0,2
BRDA:22,2,1,1
BRDA:27,3,0,2
BRDA:27,3,1,1
BRDA:35,4,0,0
BRDA:35,4,1,2
BRDA:38,5,0,0
BRDA:38,5,1,0
BRDA:43,6,0,1
BRDA:43,6,1,1
BRDA:46,7,0,1
BRDA:46,7,1,1
BRF:16
BRH:13
end_of_record
TN:
SF:resources/ts/pages/DashboardPage.vue
FN:11,(anonymous_0)
FNF:1
FNH:1
FNDA:1,(anonymous_0)
DA:9,1
DA:11,1
DA:12,1
DA:19,1
DA:22,1
DA:23,1
DA:25,1
LF:7
LH:7
BRF:0
BRH:0
end_of_record
